<?xml version="1.0" encoding="UTF-8"?>
<testng-results ignored="0" total="1" passed="1" failed="0" skipped="0">
  <reporter-output>
  </reporter-output>
  <suite started-at="2022-12-26T07:55:03Z" name="Default suite" finished-at="2022-12-26T07:55:38Z" duration-ms="34989">
    <groups>
    </groups>
    <test started-at="2022-12-26T07:55:03Z" name="Default test" finished-at="2022-12-26T07:55:38Z" duration-ms="34989">
      <class name="com.amazon.Test.amazonTest">
        <test-method is-config="true" signature="setup()[pri:0, instance:com.amazon.Test.amazonTest@4ae9cfc1]" started-at="2022-12-26T13:25:03Z" name="setup" finished-at="2022-12-26T13:25:14Z" duration-ms="11000" status="PASS">
          <reporter-output>
          </reporter-output>
        </test-method> <!-- setup -->
        <test-method signature="amazonInfo()[pri:0, instance:com.amazon.Test.amazonTest@4ae9cfc1]" started-at="2022-12-26T13:25:14Z" name="amazonInfo" finished-at="2022-12-26T13:25:38Z" duration-ms="23942" status="PASS">
          <reporter-output>
          </reporter-output>
        </test-method> <!-- amazonInfo -->
      </class> <!-- com.amazon.Test.amazonTest -->
    </test> <!-- Default test -->
  </suite> <!-- Default suite -->
</testng-results>
